# JRE version: OpenJDK Runtime Environment (8.0_91-b14) (build 1.8.0_91-8u91-b14-3ubuntu1~16.04.1-b14)
# Java VM: OpenJDK 64-Bit Server VM (25.91-b14 mixed mode linux-amd64 compressed oops)
Heap:
 PSYoungGen      total 127488K, used 64K [0x00000000ebb00000, 0x00000000f3800000, 0x0000000100000000)
  eden space 126976K, 0% used [0x00000000ebb00000,0x00000000ebb00000,0x00000000f3700000)
  from space 512K, 12% used [0x00000000f3700000,0x00000000f3710000,0x00000000f3780000)
  to   space 512K, 0% used [0x00000000f3780000,0x00000000f3780000,0x00000000f3800000)
 ParOldGen       total 42496K, used 27631K [0x00000000c3000000, 0x00000000c5980000, 0x00000000ebb00000)
  object space 42496K, 65% used [0x00000000c3000000,0x00000000c4afbfc0,0x00000000c5980000)
 Metaspace       used 2602K, capacity 4486K, committed 4864K, reserved 1056768K
  class space    used 271K, capacity 386K, committed 512K, reserved 1048576K
GC Heap History (10 events):
Event: 1,839 GC heap after
Heap after GC invocations=2 (full 0):
 PSYoungGen      total 34304K, used 288K [0x00000000ebb00000, 0x00000000edf00000, 0x0000000100000000)
  eden space 31744K, 0% used [0x00000000ebb00000,0x00000000ebb00000,0x00000000eda00000)
  from space 2560K, 11% used [0x00000000edc80000,0x00000000edcc8000,0x00000000edf00000)
  to   space 2560K, 0% used [0x00000000eda00000,0x00000000eda00000,0x00000000edc80000)
 ParOldGen       total 42496K, used 7812K [0x00000000c3000000, 0x00000000c5980000, 0x00000000ebb00000)
  object space 42496K, 18% used [0x00000000c3000000,0x00000000c37a1220,0x00000000c5980000)
 Metaspace       used 2602K, capacity 4486K, committed 4864K, reserved 1056768K
  class space    used 271K, capacity 386K, committed 512K, reserved 1048576K
}
Event: 2,252 GC heap before
{Heap before GC invocations=3 (full 0):
 PSYoungGen      total 34304K, used 28252K [0x00000000ebb00000, 0x00000000edf00000, 0x0000000100000000)
  eden space 31744K, 88% used [0x00000000ebb00000,0x00000000ed64f038,0x00000000eda00000)
  from space 2560K, 11% used [0x00000000edc80000,0x00000000edcc8000,0x00000000edf00000)
  to   space 2560K, 0% used [0x00000000eda00000,0x00000000eda00000,0x00000000edc80000)
 ParOldGen       total 42496K, used 7812K [0x00000000c3000000, 0x00000000c5980000, 0x00000000ebb00000)
  object space 42496K, 18% used [0x00000000c3000000,0x00000000c37a1220,0x00000000c5980000)
 Metaspace       used 2602K, capacity 4486K, committed 4864K, reserved 1056768K
  class space    used 271K, capacity 386K, committed 512K, reserved 1048576K
Event: 2,283 GC heap after
Heap after GC invocations=3 (full 0):
 PSYoungGen      total 34304K, used 288K [0x00000000ebb00000, 0x00000000efe00000, 0x0000000100000000)
  eden space 31744K, 0% used [0x00000000ebb00000,0x00000000ebb00000,0x00000000eda00000)
  from space 2560K, 11% used [0x00000000eda00000,0x00000000eda48000,0x00000000edc80000)
  to   space 2560K, 0% used [0x00000000efb80000,0x00000000efb80000,0x00000000efe00000)
 ParOldGen       total 42496K, used 11718K [0x00000000c3000000, 0x00000000c5980000, 0x00000000ebb00000)
  object space 42496K, 27% used [0x00000000c3000000,0x00000000c3b71b30,0x00000000c5980000)
 Metaspace       used 2602K, capacity 4486K, committed 4864K, reserved 1056768K
  class space    used 271K, capacity 386K, committed 512K, reserved 1048576K
}
Event: 2,626 GC heap before
{Heap before GC invocations=4 (full 0):
 PSYoungGen      total 34304K, used 28252K [0x00000000ebb00000, 0x00000000efe00000, 0x0000000100000000)
  eden space 31744K, 88% used [0x00000000ebb00000,0x00000000ed64f118,0x00000000eda00000)
  from space 2560K, 11% used [0x00000000eda00000,0x00000000eda48000,0x00000000edc80000)
  to   space 2560K, 0% used [0x00000000efb80000,0x00000000efb80000,0x00000000efe00000)
 ParOldGen       total 42496K, used 11718K [0x00000000c3000000, 0x00000000c5980000, 0x00000000ebb00000)
  object space 42496K, 27% used [0x00000000c3000000,0x00000000c3b71b30,0x00000000c5980000)
 Metaspace       used 2602K, capacity 4486K, committed 4864K, reserved 1056768K
  class space    used 271K, capacity 386K, committed 512K, reserved 1048576K
Event: 2,689 GC heap after
Heap after GC invocations=4 (full 0):
 PSYoungGen      total 66048K, used 384K [0x00000000ebb00000, 0x00000000efe00000, 0x0000000100000000)
  eden space 63488K, 0% used [0x00000000ebb00000,0x00000000ebb00000,0x00000000ef900000)
  from space 2560K, 15% used [0x00000000efb80000,0x00000000efbe0020,0x00000000efe00000)
  to   space 2560K, 0% used [0x00000000ef900000,0x00000000ef900000,0x00000000efb80000)
 ParOldGen       total 42496K, used 15625K [0x00000000c3000000, 0x00000000c5980000, 0x00000000ebb00000)
  object space 42496K, 36% used [0x00000000c3000000,0x00000000c3f42440,0x00000000c5980000)
 Metaspace       used 2602K, capacity 4486K, committed 4864K, reserved 1056768K
  class space    used 271K, capacity 386K, committed 512K, reserved 1048576K
}
Event: 3,656 GC heap before
{Heap before GC invocations=5 (full 0):
 PSYoungGen      total 66048K, used 60219K [0x00000000ebb00000, 0x00000000efe00000, 0x0000000100000000)
  eden space 63488K, 94% used [0x00000000ebb00000,0x00000000ef56ec50,0x00000000ef900000)
  from space 2560K, 15% used [0x00000000efb80000,0x00000000efbe0020,0x00000000efe00000)
  to   space 2560K, 0% used [0x00000000ef900000,0x00000000ef900000,0x00000000efb80000)
 ParOldGen       total 42496K, used 15625K [0x00000000c3000000, 0x00000000c5980000, 0x00000000ebb00000)
  object space 42496K, 36% used [0x00000000c3000000,0x00000000c3f42440,0x00000000c5980000)
 Metaspace       used 2602K, capacity 4486K, committed 4864K, reserved 1056768K
  class space    used 271K, capacity 386K, committed 512K, reserved 1048576K
Event: 3,675 GC heap after
Heap after GC invocations=5 (full 0):
 PSYoungGen      total 66048K, used 384K [0x00000000ebb00000, 0x00000000f3800000, 0x0000000100000000)
  eden space 63488K, 0% used [0x00000000ebb00000,0x00000000ebb00000,0x00000000ef900000)
  from space 2560K, 15% used [0x00000000ef900000,0x00000000ef960020,0x00000000efb80000)
  to   space 512K, 0% used [0x00000000f3780000,0x00000000f3780000,0x00000000f3800000)
 ParOldGen       total 42496K, used 19531K [0x00000000c3000000, 0x00000000c5980000, 0x00000000ebb00000)
  object space 42496K, 45% used [0x00000000c3000000,0x00000000c4312d50,0x00000000c5980000)
 Metaspace       used 2602K, capacity 4486K, committed 4864K, reserved 1056768K
  class space    used 271K, capacity 386K, committed 512K, reserved 1048576K
}
Event: 4,088 GC heap before
{Heap before GC invocations=6 (full 0):
 PSYoungGen      total 66048K, used 60219K [0x00000000ebb00000, 0x00000000f3800000, 0x0000000100000000)
  eden space 63488K, 94% used [0x00000000ebb00000,0x00000000ef56efa0,0x00000000ef900000)
  from space 2560K, 15% used [0x00000000ef900000,0x00000000ef960020,0x00000000efb80000)
  to   space 512K, 0% used [0x00000000f3780000,0x00000000f3780000,0x00000000f3800000)
 ParOldGen       total 42496K, used 19531K [0x00000000c3000000, 0x00000000c5980000, 0x00000000ebb00000)
  object space 42496K, 45% used [0x00000000c3000000,0x00000000c4312d50,0x00000000c5980000)
 Metaspace       used 2602K, capacity 4486K, committed 4864K, reserved 1056768K
  class space    used 271K, capacity 386K, committed 512K, reserved 1048576K
Event: 4,154 GC heap after
Heap after GC invocations=6 (full 0):
 PSYoungGen      total 127488K, used 384K [0x00000000ebb00000, 0x00000000f3800000, 0x0000000100000000)
  eden space 126976K, 0% used [0x00000000ebb00000,0x00000000ebb00000,0x00000000f3700000)
  from space 512K, 75% used [0x00000000f3780000,0x00000000f37e0020,0x00000000f3800000)
  to   space 512K, 0% used [0x00000000f3700000,0x00000000f3700000,0x00000000f3780000)
 ParOldGen       total 42496K, used 23437K [0x00000000c3000000, 0x00000000c5980000, 0x00000000ebb00000)
  object space 42496K, 55% used [0x00000000c3000000,0x00000000c46e3660,0x00000000c5980000)
 Metaspace       used 2602K, capacity 4486K, committed 4864K, reserved 1056768K
  class space    used 271K, capacity 386K, committed 512K, reserved 1048576K
}
Event: 7,037 GC heap before
{Heap before GC invocations=7 (full 0):
 PSYoungGen      total 127488K, used 123963K [0x00000000ebb00000, 0x00000000f3800000, 0x0000000100000000)
  eden space 126976K, 97% used [0x00000000ebb00000,0x00000000f33aec80,0x00000000f3700000)
  from space 512K, 75% used [0x00000000f3780000,0x00000000f37e0020,0x00000000f3800000)
  to   space 512K, 0% used [0x00000000f3700000,0x00000000f3700000,0x00000000f3780000)
 ParOldGen       total 42496K, used 23437K [0x00000000c3000000, 0x00000000c5980000, 0x00000000ebb00000)
  object space 42496K, 55% used [0x00000000c3000000,0x00000000c46e3660,0x00000000c5980000)
 Metaspace       used 2602K, capacity 4486K, committed 4864K, reserved 1056768K
  class space    used 271K, capacity 386K, committed 512K, reserved 1048576K

